<html>
<head>
<title>TestNG:  Test</title>
<link href="../testng.css" rel="stylesheet" type="text/css" />
<link href="../my-testng.css" rel="stylesheet" type="text/css" />

<style type="text/css">
.log { display: none;} 
.stack-trace { display: none;} 
</style>
<script type="text/javascript">
<!--
function flip(e) {
  current = e.style.display;
  if (current == 'block') {
    e.style.display = 'none';
    return 0;
  }
  else {
    e.style.display = 'block';
    return 1;
  }
}

function toggleBox(szDivId, elem, msg1, msg2)
{
  var res = -1;  if (document.getElementById) {
    res = flip(document.getElementById(szDivId));
  }
  else if (document.all) {
    // this is the way old msie versions work
    res = flip(document.all[szDivId]);
  }
  if(elem) {
    if(res == 0) elem.innerHTML = msg1; else elem.innerHTML = msg2;
  }

}

function toggleAllBoxes() {
  if (document.getElementsByTagName) {
    d = document.getElementsByTagName('div');
    for (i = 0; i < d.length; i++) {
      if (d[i].className == 'log') {
        flip(d[i]);
      }
    }
  }
}

// -->
</script>

</head>
<body>
<h2 align='center'>Test</h2><table border='1' align="center">
<tr>
<td>Tests passed/Failed/Skipped:</td><td>4/1/0</td>
</tr><tr>
<td>Started on:</td><td>Mon Jul 15 12:11:33 IST 2019</td>
</tr>
<tr><td>Total time:</td><td>107 seconds (107389 ms)</td>
</tr><tr>
<td>Included groups:</td><td>smoke </td>
</tr><tr>
<td>Excluded groups:</td><td></td>
</tr>
</table><p/>
<small><i>(Hover the method name to see the test class name)</i></small><p/>
<table width='100%' border='1' class='invocation-failed'>
<tr><td colspan='4' align='center'><b>FAILED TESTS</b></td></tr>
<tr><td><b>Test method</b></td>
<td width="30%"><b>Exception</b></td>
<td width="10%"><b>Time (seconds)</b></td>
<td><b>Instance</b></td>
</tr>
<tr>
<td title='script.T1_LoginFunctionality.TestCase_1_ValidLogin()'><b>TestCase_1_ValidLogin</b><br>Test class: script.T1_LoginFunctionality<br>Test method: Verifying valid login functionality<br/>
<a href="#Output-2085789076" onClick='toggleBox("Output-2085789076", this, "Show output", "Hide output");'>Show output</a>

<a href="#Output-2085789076" onClick="toggleAllBoxes();">Show all outputs</a>
<div class='log' id="Output-2085789076">
Element is present-- PASS <br/>
Element is present-- PASS <br/>
Element is present-- PASS <br/>
Required page is NOT displayed<br/>
Element is NOT Visible<br/>
</div>
</td>
<td><div><pre>org.openqa.selenium.NoSuchElementException: no such element: Unable to locate element: {&quot;method&quot;:&quot;xpath&quot;,&quot;selector&quot;:&quot;//img[@src = &quot;Images/home-mypage1.png&quot;]&quot;}
  (Session info: chrome=75.0.3770.100)
  (Driver info: chromedriver=2.41.578737 (49da6702b16031c40d63e5618de03a32ff6c197e),platform=Windows NT 6.3.9600 x86_64) (WARNING: The server did not provide any stacktrace information)
Command duration or timeout: 10.06 seconds
For documentation on this error, please visit: http://seleniumhq.org/exceptions/no_such_element.html
Build info: version: &apos;3.4.0&apos;, revision: &apos;unknown&apos;, time: &apos;unknown&apos;
System info: host: &apos;CLPSTPDFC472&apos;, ip: &apos;192.168.43.215&apos;, os.name: &apos;Windows 8.1&apos;, os.arch: &apos;amd64&apos;, os.version: &apos;6.3&apos;, java.version: &apos;1.8.0_201&apos;
Driver info: org.openqa.selenium.chrome.ChromeDriver
Capabilities [{mobileEmulationEnabled=false, hasTouchScreen=false, platform=WIN8_1, acceptSslCerts=false, goog:chromeOptions={debuggerAddress=localhost:64686}, acceptInsecureCerts=false, webStorageEnabled=true, browserName=chrome, takesScreenshot=true, javascriptEnabled=true, setWindowRect=true, unexpectedAlertBehaviour=, applicationCacheEnabled=false, rotatable=false, networkConnectionEnabled=false, chrome={chromedriverVersion=2.41.578737 (49da6702b16031c40d63e5618de03a32ff6c197e), userDataDir=C:\Users\manju.r\AppData\Local\Temp\scoped_dir4752_6519}, takesHeapSnapshot=true, pageLoadStrategy=normal, databaseEnabled=false, handlesAlerts=true, version=75.0.3770.100, browserConnectionEnabled=false, nativeEvents=true, locationContextEnabled=true, cssSelectorsEnabled=true}]
Session ID: fc8941409648c89510061ed5b1c5c093
*** Element info: {Using=xpath, value=//img[@src = &quot;Images/home-mypage1.png&quot;]}
	at org.openqa.selenium.remote.ErrorHandler.createThrowable(ErrorHandler.java:215)
	at org.openqa.selenium.remote.ErrorHandler.throwIfResponseFailed(ErrorHandler.java:167)
	at org.openqa.selenium.remote.RemoteWebDriver.execute(RemoteWebDriver.java:671)
	at org.openqa.selenium.remote.RemoteWebDriver.findElement(RemoteWebDriver.java:410)
	at org.openqa.selenium.remote.RemoteWebDriver.findElementByXPath(RemoteWebDriver.java:509)
	at org.openqa.selenium.By$ByXPath.findElement(By.java:361)
	at org.openqa.selenium.remote.RemoteWebDriver.findElement(RemoteWebDriver.java:402)
	at org.openqa.selenium.support.pagefactory.DefaultElementLocator.findElement(DefaultElementLocator.java:69)
	at org.openqa.selenium.support.pagefactory.internal.LocatingElementHandler.invoke(LocatingElementHandler.java:38)
	at com.sun.proxy.$Proxy10.click(Unknown Source)
	at generic.WebGeneric.waitForVisibilityAndClick(WebGeneric.java:27)
	at page.DashBoardPage.clickMyPageImage(DashBoardPage.java:83)
	at script.T1_LoginFunctionality.TestCase_1_ValidLogin(T1_LoginFunctionality.java:37)
	at java.util.concurrent.FutureTask.run(Unknown Source)
	at java.util.concurrent.ThreadPoolExecutor.runWorker(Unknown Source)
	at java.util.concurrent.ThreadPoolExecutor$Worker.run(Unknown Source)
	at java.lang.Thread.run(Unknown Source)
... Removed 20 stack frames</pre></div><a href='#' onClick='toggleBox("stack-trace2085789076", this, "Click to show all stack frames", "Click to hide stack frames")'>Click to show all stack frames</a>
<div class='stack-trace' id='stack-trace2085789076'><pre>org.openqa.selenium.NoSuchElementException: no such element: Unable to locate element: {&quot;method&quot;:&quot;xpath&quot;,&quot;selector&quot;:&quot;//img[@src = &quot;Images/home-mypage1.png&quot;]&quot;}
  (Session info: chrome=75.0.3770.100)
  (Driver info: chromedriver=2.41.578737 (49da6702b16031c40d63e5618de03a32ff6c197e),platform=Windows NT 6.3.9600 x86_64) (WARNING: The server did not provide any stacktrace information)
Command duration or timeout: 10.06 seconds
For documentation on this error, please visit: http://seleniumhq.org/exceptions/no_such_element.html
Build info: version: &apos;3.4.0&apos;, revision: &apos;unknown&apos;, time: &apos;unknown&apos;
System info: host: &apos;CLPSTPDFC472&apos;, ip: &apos;192.168.43.215&apos;, os.name: &apos;Windows 8.1&apos;, os.arch: &apos;amd64&apos;, os.version: &apos;6.3&apos;, java.version: &apos;1.8.0_201&apos;
Driver info: org.openqa.selenium.chrome.ChromeDriver
Capabilities [{mobileEmulationEnabled=false, hasTouchScreen=false, platform=WIN8_1, acceptSslCerts=false, goog:chromeOptions={debuggerAddress=localhost:64686}, acceptInsecureCerts=false, webStorageEnabled=true, browserName=chrome, takesScreenshot=true, javascriptEnabled=true, setWindowRect=true, unexpectedAlertBehaviour=, applicationCacheEnabled=false, rotatable=false, networkConnectionEnabled=false, chrome={chromedriverVersion=2.41.578737 (49da6702b16031c40d63e5618de03a32ff6c197e), userDataDir=C:\Users\manju.r\AppData\Local\Temp\scoped_dir4752_6519}, takesHeapSnapshot=true, pageLoadStrategy=normal, databaseEnabled=false, handlesAlerts=true, version=75.0.3770.100, browserConnectionEnabled=false, nativeEvents=true, locationContextEnabled=true, cssSelectorsEnabled=true}]
Session ID: fc8941409648c89510061ed5b1c5c093
*** Element info: {Using=xpath, value=//img[@src = &quot;Images/home-mypage1.png&quot;]}
	at sun.reflect.NativeConstructorAccessorImpl.newInstance0(Native Method)
	at sun.reflect.NativeConstructorAccessorImpl.newInstance(Unknown Source)
	at sun.reflect.DelegatingConstructorAccessorImpl.newInstance(Unknown Source)
	at java.lang.reflect.Constructor.newInstance(Unknown Source)
	at org.openqa.selenium.remote.ErrorHandler.createThrowable(ErrorHandler.java:215)
	at org.openqa.selenium.remote.ErrorHandler.throwIfResponseFailed(ErrorHandler.java:167)
	at org.openqa.selenium.remote.RemoteWebDriver.execute(RemoteWebDriver.java:671)
	at org.openqa.selenium.remote.RemoteWebDriver.findElement(RemoteWebDriver.java:410)
	at org.openqa.selenium.remote.RemoteWebDriver.findElementByXPath(RemoteWebDriver.java:509)
	at org.openqa.selenium.By$ByXPath.findElement(By.java:361)
	at org.openqa.selenium.remote.RemoteWebDriver.findElement(RemoteWebDriver.java:402)
	at org.openqa.selenium.support.pagefactory.DefaultElementLocator.findElement(DefaultElementLocator.java:69)
	at org.openqa.selenium.support.pagefactory.internal.LocatingElementHandler.invoke(LocatingElementHandler.java:38)
	at com.sun.proxy.$Proxy10.click(Unknown Source)
	at generic.WebGeneric.waitForVisibilityAndClick(WebGeneric.java:27)
	at page.DashBoardPage.clickMyPageImage(DashBoardPage.java:83)
	at script.T1_LoginFunctionality.TestCase_1_ValidLogin(T1_LoginFunctionality.java:37)
	at sun.reflect.NativeMethodAccessorImpl.invoke0(Native Method)
	at sun.reflect.NativeMethodAccessorImpl.invoke(Unknown Source)
	at sun.reflect.DelegatingMethodAccessorImpl.invoke(Unknown Source)
	at java.lang.reflect.Method.invoke(Unknown Source)
	at org.testng.internal.MethodInvocationHelper.invokeMethod(MethodInvocationHelper.java:124)
	at org.testng.internal.Invoker.invokeMethod(Invoker.java:583)
	at org.testng.internal.Invoker.invokeTestMethod(Invoker.java:719)
	at org.testng.internal.Invoker.invokeTestMethods(Invoker.java:989)
	at org.testng.internal.TestMethodWorker.invokeTestMethods(TestMethodWorker.java:125)
	at org.testng.internal.TestMethodWorker.run(TestMethodWorker.java:109)
	at org.testng.TestRunner.privateRun(TestRunner.java:648)
	at org.testng.TestRunner.run(TestRunner.java:505)
	at org.testng.SuiteRunner.runTest(SuiteRunner.java:455)
	at org.testng.SuiteRunner.access$000(SuiteRunner.java:40)
	at org.testng.SuiteRunner$SuiteWorker.run(SuiteRunner.java:489)
	at org.testng.internal.thread.ThreadUtil$1.call(ThreadUtil.java:52)
	at java.util.concurrent.FutureTask.run(Unknown Source)
	at java.util.concurrent.ThreadPoolExecutor.runWorker(Unknown Source)
	at java.util.concurrent.ThreadPoolExecutor$Worker.run(Unknown Source)
	at java.lang.Thread.run(Unknown Source)
</pre></div></td>
<td>43</td>
<td>script.T1_LoginFunctionality@5204062d</td></tr>
</table><p>
<table width='100%' border='1' class='invocation-passed'>
<tr><td colspan='4' align='center'><b>PASSED TESTS</b></td></tr>
<tr><td><b>Test method</b></td>
<td width="30%"><b>Exception</b></td>
<td width="10%"><b>Time (seconds)</b></td>
<td><b>Instance</b></td>
</tr>
<tr>
<td title='script.T2_HomePageFunctionality.TestCase_1_ValidLogin()'><b>TestCase_1_ValidLogin</b><br>Test class: script.T2_HomePageFunctionality<br>Test method: Verifying valid login functionality<br/>
<a href="#Output-1188653918" onClick='toggleBox("Output-1188653918", this, "Show output", "Hide output");'>Show output</a>

<a href="#Output-1188653918" onClick="toggleAllBoxes();">Show all outputs</a>
<div class='log' id="Output-1188653918">
Element is present-- PASS <br/>
Element is present-- PASS <br/>
Element is present-- PASS <br/>
Required page is displayed<br/>
Element is Visible<br/>
Element is not present-- PASS <br/>
</div>
</td>
<td></td>
<td>18</td>
<td>script.T2_HomePageFunctionality@4fcd19b3</td></tr>
<tr>
<td title='script.T1_LoginFunctionality.TestCase_2_InvalidLogin()'><b>TestCase_2_InvalidLogin</b><br>Test class: script.T1_LoginFunctionality<br>Test method: Verifying invalid login functionality<br/>
<a href="#Output-2138376254" onClick='toggleBox("Output-2138376254", this, "Show output", "Hide output");'>Show output</a>

<a href="#Output-2138376254" onClick="toggleAllBoxes();">Show all outputs</a>
<div class='log' id="Output-2138376254">
Required page is displayed<br/>
error message is matchingUsername or password incorrect<br/>
</div>
</td>
<td></td>
<td>3</td>
<td>script.T1_LoginFunctionality@5204062d</td></tr>
<tr>
<td title='script.T1_LoginFunctionality.TestCase_3_InvalidBlankLogin()'><b>TestCase_3_InvalidBlankLogin</b><br>Test class: script.T1_LoginFunctionality<br>Test method: Verifying invalid login functionality<br/>
<a href="#Output-1105951595" onClick='toggleBox("Output-1105951595", this, "Show output", "Hide output");'>Show output</a>

<a href="#Output-1105951595" onClick="toggleAllBoxes();">Show all outputs</a>
<div class='log' id="Output-1105951595">
Required page is displayed<br/>
error message is matchingUsername and password required<br/>
</div>
</td>
<td></td>
<td>3</td>
<td>script.T1_LoginFunctionality@5204062d</td></tr>
<tr>
<td title='script.T1_LoginFunctionality.TestCase_4_ForgotLinkVerify()'><b>TestCase_4_ForgotLinkVerify</b><br>Test class: script.T1_LoginFunctionality<br>Test method: Verifying forgot password link functionality<br/>
<a href="#Output-362279098" onClick='toggleBox("Output-362279098", this, "Show output", "Hide output");'>Show output</a>

<a href="#Output-362279098" onClick="toggleAllBoxes();">Show all outputs</a>
<div class='log' id="Output-362279098">
Required page is displayed<br/>
error message is matchingIf you have forgotten your password, follow the prompts to reset your password.<br/>
</div>
</td>
<td></td>
<td>7</td>
<td>script.T1_LoginFunctionality@5204062d</td></tr>
</table><p>
</body>
</html>