<?xml version="1.0" encoding="UTF-8"?>
<testng-results skipped="0" failed="1" ignored="0" total="5" passed="4">
  <reporter-output>
    <line>
      <![CDATA[Element is present-- PASS ]]>
    </line>
    <line>
      <![CDATA[Element is present-- PASS ]]>
    </line>
    <line>
      <![CDATA[Element is present-- PASS ]]>
    </line>
    <line>
      <![CDATA[Required page is NOT displayed]]>
    </line>
    <line>
      <![CDATA[Element is NOT Visible]]>
    </line>
    <line>
      <![CDATA[TestCaseName:TestCase_1_ValidLogin Status:FAIL]]>
    </line>
    <line>
      <![CDATA[PHOTO:./photo/Mon Jul 15 12_12_23 IST 2019.png]]>
    </line>
    <line>
      <![CDATA[Element is present-- PASS ]]>
    </line>
    <line>
      <![CDATA[Element is present-- PASS ]]>
    </line>
    <line>
      <![CDATA[Element is present-- PASS ]]>
    </line>
    <line>
      <![CDATA[Required page is displayed]]>
    </line>
    <line>
      <![CDATA[Element is Visible]]>
    </line>
    <line>
      <![CDATA[Element is not present-- PASS ]]>
    </line>
    <line>
      <![CDATA[TestCaseName:TestCase_1_ValidLogin Status:PASS]]>
    </line>
    <line>
      <![CDATA[Required page is displayed]]>
    </line>
    <line>
      <![CDATA[error message is matchingUsername or password incorrect]]>
    </line>
    <line>
      <![CDATA[TestCaseName:TestCase_2_InvalidLogin Status:PASS]]>
    </line>
    <line>
      <![CDATA[Required page is displayed]]>
    </line>
    <line>
      <![CDATA[error message is matchingUsername and password required]]>
    </line>
    <line>
      <![CDATA[TestCaseName:TestCase_3_InvalidBlankLogin Status:PASS]]>
    </line>
    <line>
      <![CDATA[Required page is displayed]]>
    </line>
    <line>
      <![CDATA[error message is matchingIf you have forgotten your password, follow the prompts to reset your password.]]>
    </line>
    <line>
      <![CDATA[TestCaseName:TestCase_4_ForgotLinkVerify Status:PASS]]>
    </line>
  </reporter-output>
  <suite name="Suite" duration-ms="107389" started-at="2019-07-15T06:41:33Z" finished-at="2019-07-15T06:43:21Z">
    <groups>
      <group name="smoke">
        <method signature="T1_LoginFunctionality.TestCase_1_ValidLogin()[pri:1, instance:script.T1_LoginFunctionality@5204062d]" name="TestCase_1_ValidLogin" class="script.T1_LoginFunctionality"/>
        <method signature="T1_LoginFunctionality.TestCase_2_InvalidLogin()[pri:2, instance:script.T1_LoginFunctionality@5204062d]" name="TestCase_2_InvalidLogin" class="script.T1_LoginFunctionality"/>
        <method signature="T1_LoginFunctionality.TestCase_3_InvalidBlankLogin()[pri:3, instance:script.T1_LoginFunctionality@5204062d]" name="TestCase_3_InvalidBlankLogin" class="script.T1_LoginFunctionality"/>
        <method signature="T1_LoginFunctionality.TestCase_4_ForgotLinkVerify()[pri:4, instance:script.T1_LoginFunctionality@5204062d]" name="TestCase_4_ForgotLinkVerify" class="script.T1_LoginFunctionality"/>
        <method signature="T2_HomePageFunctionality.TestCase_1_ValidLogin()[pri:1, instance:script.T2_HomePageFunctionality@4fcd19b3]" name="TestCase_1_ValidLogin" class="script.T2_HomePageFunctionality"/>
      </group> <!-- smoke -->
    </groups>
    <test name="Test" duration-ms="107389" started-at="2019-07-15T06:41:33Z" finished-at="2019-07-15T06:43:21Z">
      <class name="script.T2_HomePageFunctionality">
        <test-method status="PASS" signature="openApp(java.lang.String, java.lang.String)[pri:0, instance:script.T2_HomePageFunctionality@4fcd19b3]" name="openApp" is-config="true" duration-ms="4951" started-at="2019-07-15T06:42:25Z" finished-at="2019-07-15T06:42:30Z">
          <params>
            <param index="0">
              <value>
                <![CDATA[localhost]]>
              </value>
            </param>
            <param index="1">
              <value>
                <![CDATA[chrome]]>
              </value>
            </param>
          </params>
          <reporter-output>
          </reporter-output>
        </test-method> <!-- openApp -->
        <test-method status="PASS" signature="TestCase_1_ValidLogin()[pri:1, instance:script.T2_HomePageFunctionality@4fcd19b3]" name="TestCase_1_ValidLogin" duration-ms="18977" started-at="2019-07-15T06:42:30Z" description="Verifying valid login functionality" finished-at="2019-07-15T06:42:49Z">
          <reporter-output>
            <line>
              <![CDATA[Element is present-- PASS ]]>
            </line>
            <line>
              <![CDATA[Element is present-- PASS ]]>
            </line>
            <line>
              <![CDATA[Element is present-- PASS ]]>
            </line>
            <line>
              <![CDATA[Required page is displayed]]>
            </line>
            <line>
              <![CDATA[Element is Visible]]>
            </line>
            <line>
              <![CDATA[Element is not present-- PASS ]]>
            </line>
          </reporter-output>
        </test-method> <!-- TestCase_1_ValidLogin -->
        <test-method status="PASS" signature="closeApp(org.testng.ITestResult)[pri:0, instance:script.T2_HomePageFunctionality@4fcd19b3]" name="closeApp" is-config="true" duration-ms="821" started-at="2019-07-15T06:42:49Z" finished-at="2019-07-15T06:42:49Z">
          <params>
            <param index="0">
              <value>
                <![CDATA[[TestResult name=TestCase_1_ValidLogin status=SUCCESS method=T2_HomePageFunctionality.TestCase_1_ValidLogin()[pri:1, instance:script.T2_HomePageFunctionality@4fcd19b3] output=Element is present-- PASS ]]]>
              </value>
            </param>
          </params>
          <reporter-output>
            <line>
              <![CDATA[TestCaseName:TestCase_1_ValidLogin Status:PASS]]>
            </line>
          </reporter-output>
        </test-method> <!-- closeApp -->
      </class> <!-- script.T2_HomePageFunctionality -->
      <class name="script.T1_LoginFunctionality">
        <test-method status="PASS" signature="openApp(java.lang.String, java.lang.String)[pri:0, instance:script.T1_LoginFunctionality@5204062d]" name="openApp" is-config="true" duration-ms="6133" started-at="2019-07-15T06:41:33Z" finished-at="2019-07-15T06:41:39Z">
          <params>
            <param index="0">
              <value>
                <![CDATA[localhost]]>
              </value>
            </param>
            <param index="1">
              <value>
                <![CDATA[chrome]]>
              </value>
            </param>
          </params>
          <reporter-output>
          </reporter-output>
        </test-method> <!-- openApp -->
        <test-method status="FAIL" signature="TestCase_1_ValidLogin()[pri:1, instance:script.T1_LoginFunctionality@5204062d]" name="TestCase_1_ValidLogin" duration-ms="43867" started-at="2019-07-15T06:41:39Z" description="Verifying valid login functionality" finished-at="2019-07-15T06:42:23Z">
          <exception class="org.openqa.selenium.NoSuchElementException">
            <message>
              <![CDATA[no such element: Unable to locate element: {"method":"xpath","selector":"//img[@src = "Images/home-mypage1.png"]"}
  (Session info: chrome=75.0.3770.100)
  (Driver info: chromedriver=2.41.578737 (49da6702b16031c40d63e5618de03a32ff6c197e),platform=Windows NT 6.3.9600 x86_64) (WARNING: The server did not provide any stacktrace information)
Command duration or timeout: 10.06 seconds
For documentation on this error, please visit: http://seleniumhq.org/exceptions/no_such_element.html
Build info: version: '3.4.0', revision: 'unknown', time: 'unknown'
System info: host: 'CLPSTPDFC472', ip: '192.168.43.215', os.name: 'Windows 8.1', os.arch: 'amd64', os.version: '6.3', java.version: '1.8.0_201'
Driver info: org.openqa.selenium.chrome.ChromeDriver
Capabilities [{mobileEmulationEnabled=false, hasTouchScreen=false, platform=WIN8_1, acceptSslCerts=false, goog:chromeOptions={debuggerAddress=localhost:64686}, acceptInsecureCerts=false, webStorageEnabled=true, browserName=chrome, takesScreenshot=true, javascriptEnabled=true, setWindowRect=true, unexpectedAlertBehaviour=, applicationCacheEnabled=false, rotatable=false, networkConnectionEnabled=false, chrome={chromedriverVersion=2.41.578737 (49da6702b16031c40d63e5618de03a32ff6c197e), userDataDir=C:\Users\manju.r\AppData\Local\Temp\scoped_dir4752_6519}, takesHeapSnapshot=true, pageLoadStrategy=normal, databaseEnabled=false, handlesAlerts=true, version=75.0.3770.100, browserConnectionEnabled=false, nativeEvents=true, locationContextEnabled=true, cssSelectorsEnabled=true}]
Session ID: fc8941409648c89510061ed5b1c5c093
*** Element info: {Using=xpath, value=//img[@src = "Images/home-mypage1.png"]}]]>
            </message>
            <full-stacktrace>
              <![CDATA[org.openqa.selenium.NoSuchElementException: no such element: Unable to locate element: {"method":"xpath","selector":"//img[@src = "Images/home-mypage1.png"]"}
  (Session info: chrome=75.0.3770.100)
  (Driver info: chromedriver=2.41.578737 (49da6702b16031c40d63e5618de03a32ff6c197e),platform=Windows NT 6.3.9600 x86_64) (WARNING: The server did not provide any stacktrace information)
Command duration or timeout: 10.06 seconds
For documentation on this error, please visit: http://seleniumhq.org/exceptions/no_such_element.html
Build info: version: '3.4.0', revision: 'unknown', time: 'unknown'
System info: host: 'CLPSTPDFC472', ip: '192.168.43.215', os.name: 'Windows 8.1', os.arch: 'amd64', os.version: '6.3', java.version: '1.8.0_201'
Driver info: org.openqa.selenium.chrome.ChromeDriver
Capabilities [{mobileEmulationEnabled=false, hasTouchScreen=false, platform=WIN8_1, acceptSslCerts=false, goog:chromeOptions={debuggerAddress=localhost:64686}, acceptInsecureCerts=false, webStorageEnabled=true, browserName=chrome, takesScreenshot=true, javascriptEnabled=true, setWindowRect=true, unexpectedAlertBehaviour=, applicationCacheEnabled=false, rotatable=false, networkConnectionEnabled=false, chrome={chromedriverVersion=2.41.578737 (49da6702b16031c40d63e5618de03a32ff6c197e), userDataDir=C:\Users\manju.r\AppData\Local\Temp\scoped_dir4752_6519}, takesHeapSnapshot=true, pageLoadStrategy=normal, databaseEnabled=false, handlesAlerts=true, version=75.0.3770.100, browserConnectionEnabled=false, nativeEvents=true, locationContextEnabled=true, cssSelectorsEnabled=true}]
Session ID: fc8941409648c89510061ed5b1c5c093
*** Element info: {Using=xpath, value=//img[@src = "Images/home-mypage1.png"]}
at sun.reflect.NativeConstructorAccessorImpl.newInstance0(Native Method)
at sun.reflect.NativeConstructorAccessorImpl.newInstance(Unknown Source)
at sun.reflect.DelegatingConstructorAccessorImpl.newInstance(Unknown Source)
at java.lang.reflect.Constructor.newInstance(Unknown Source)
at org.openqa.selenium.remote.ErrorHandler.createThrowable(ErrorHandler.java:215)
at org.openqa.selenium.remote.ErrorHandler.throwIfResponseFailed(ErrorHandler.java:167)
at org.openqa.selenium.remote.RemoteWebDriver.execute(RemoteWebDriver.java:671)
at org.openqa.selenium.remote.RemoteWebDriver.findElement(RemoteWebDriver.java:410)
at org.openqa.selenium.remote.RemoteWebDriver.findElementByXPath(RemoteWebDriver.java:509)
at org.openqa.selenium.By$ByXPath.findElement(By.java:361)
at org.openqa.selenium.remote.RemoteWebDriver.findElement(RemoteWebDriver.java:402)
at org.openqa.selenium.support.pagefactory.DefaultElementLocator.findElement(DefaultElementLocator.java:69)
at org.openqa.selenium.support.pagefactory.internal.LocatingElementHandler.invoke(LocatingElementHandler.java:38)
at com.sun.proxy.$Proxy10.click(Unknown Source)
at generic.WebGeneric.waitForVisibilityAndClick(WebGeneric.java:27)
at page.DashBoardPage.clickMyPageImage(DashBoardPage.java:83)
at script.T1_LoginFunctionality.TestCase_1_ValidLogin(T1_LoginFunctionality.java:37)
at sun.reflect.NativeMethodAccessorImpl.invoke0(Native Method)
at sun.reflect.NativeMethodAccessorImpl.invoke(Unknown Source)
at sun.reflect.DelegatingMethodAccessorImpl.invoke(Unknown Source)
at java.lang.reflect.Method.invoke(Unknown Source)
at org.testng.internal.MethodInvocationHelper.invokeMethod(MethodInvocationHelper.java:124)
at org.testng.internal.Invoker.invokeMethod(Invoker.java:583)
at org.testng.internal.Invoker.invokeTestMethod(Invoker.java:719)
at org.testng.internal.Invoker.invokeTestMethods(Invoker.java:989)
at org.testng.internal.TestMethodWorker.invokeTestMethods(TestMethodWorker.java:125)
at org.testng.internal.TestMethodWorker.run(TestMethodWorker.java:109)
at org.testng.TestRunner.privateRun(TestRunner.java:648)
at org.testng.TestRunner.run(TestRunner.java:505)
at org.testng.SuiteRunner.runTest(SuiteRunner.java:455)
at org.testng.SuiteRunner.access$000(SuiteRunner.java:40)
at org.testng.SuiteRunner$SuiteWorker.run(SuiteRunner.java:489)
at org.testng.internal.thread.ThreadUtil$1.call(ThreadUtil.java:52)
at java.util.concurrent.FutureTask.run(Unknown Source)
at java.util.concurrent.ThreadPoolExecutor.runWorker(Unknown Source)
at java.util.concurrent.ThreadPoolExecutor$Worker.run(Unknown Source)
at java.lang.Thread.run(Unknown Source)
]]>
            </full-stacktrace>
          </exception> <!-- org.openqa.selenium.NoSuchElementException -->
          <reporter-output>
            <line>
              <![CDATA[Element is present-- PASS ]]>
            </line>
            <line>
              <![CDATA[Element is present-- PASS ]]>
            </line>
            <line>
              <![CDATA[Element is present-- PASS ]]>
            </line>
            <line>
              <![CDATA[Required page is NOT displayed]]>
            </line>
            <line>
              <![CDATA[Element is NOT Visible]]>
            </line>
          </reporter-output>
        </test-method> <!-- TestCase_1_ValidLogin -->
        <test-method status="PASS" signature="closeApp(org.testng.ITestResult)[pri:0, instance:script.T1_LoginFunctionality@5204062d]" name="closeApp" is-config="true" duration-ms="1391" started-at="2019-07-15T06:42:23Z" finished-at="2019-07-15T06:42:25Z">
          <params>
            <param index="0">
              <value>
                <![CDATA[[TestResult name=TestCase_1_ValidLogin status=FAILURE method=T1_LoginFunctionality.TestCase_1_ValidLogin()[pri:1, instance:script.T1_LoginFunctionality@5204062d] output=Element is present-- PASS ]]]>
              </value>
            </param>
          </params>
          <reporter-output>
            <line>
              <![CDATA[TestCaseName:TestCase_1_ValidLogin Status:FAIL]]>
            </line>
            <line>
              <![CDATA[PHOTO:./photo/Mon Jul 15 12_12_23 IST 2019.png]]>
            </line>
          </reporter-output>
        </test-method> <!-- closeApp -->
        <test-method status="PASS" signature="openApp(java.lang.String, java.lang.String)[pri:0, instance:script.T1_LoginFunctionality@5204062d]" name="openApp" is-config="true" duration-ms="4814" started-at="2019-07-15T06:42:49Z" finished-at="2019-07-15T06:42:54Z">
          <params>
            <param index="0">
              <value>
                <![CDATA[localhost]]>
              </value>
            </param>
            <param index="1">
              <value>
                <![CDATA[chrome]]>
              </value>
            </param>
          </params>
          <reporter-output>
          </reporter-output>
        </test-method> <!-- openApp -->
        <test-method status="PASS" signature="TestCase_2_InvalidLogin()[pri:2, instance:script.T1_LoginFunctionality@5204062d]" name="TestCase_2_InvalidLogin" duration-ms="3488" started-at="2019-07-15T06:42:54Z" description="Verifying invalid login functionality" finished-at="2019-07-15T06:42:58Z">
          <reporter-output>
            <line>
              <![CDATA[Required page is displayed]]>
            </line>
            <line>
              <![CDATA[error message is matchingUsername or password incorrect]]>
            </line>
          </reporter-output>
        </test-method> <!-- TestCase_2_InvalidLogin -->
        <test-method status="PASS" signature="closeApp(org.testng.ITestResult)[pri:0, instance:script.T1_LoginFunctionality@5204062d]" name="closeApp" is-config="true" duration-ms="791" started-at="2019-07-15T06:42:58Z" finished-at="2019-07-15T06:42:59Z">
          <params>
            <param index="0">
              <value>
                <![CDATA[[TestResult name=TestCase_2_InvalidLogin status=SUCCESS method=T1_LoginFunctionality.TestCase_2_InvalidLogin()[pri:2, instance:script.T1_LoginFunctionality@5204062d] output=Required page is displayed]]]>
              </value>
            </param>
          </params>
          <reporter-output>
            <line>
              <![CDATA[TestCaseName:TestCase_2_InvalidLogin Status:PASS]]>
            </line>
          </reporter-output>
        </test-method> <!-- closeApp -->
        <test-method status="PASS" signature="openApp(java.lang.String, java.lang.String)[pri:0, instance:script.T1_LoginFunctionality@5204062d]" name="openApp" is-config="true" duration-ms="4765" started-at="2019-07-15T06:42:59Z" finished-at="2019-07-15T06:43:03Z">
          <params>
            <param index="0">
              <value>
                <![CDATA[localhost]]>
              </value>
            </param>
            <param index="1">
              <value>
                <![CDATA[chrome]]>
              </value>
            </param>
          </params>
          <reporter-output>
          </reporter-output>
        </test-method> <!-- openApp -->
        <test-method status="PASS" signature="TestCase_3_InvalidBlankLogin()[pri:3, instance:script.T1_LoginFunctionality@5204062d]" name="TestCase_3_InvalidBlankLogin" duration-ms="3405" started-at="2019-07-15T06:43:03Z" description="Verifying invalid login functionality" finished-at="2019-07-15T06:43:07Z">
          <reporter-output>
            <line>
              <![CDATA[Required page is displayed]]>
            </line>
            <line>
              <![CDATA[error message is matchingUsername and password required]]>
            </line>
          </reporter-output>
        </test-method> <!-- TestCase_3_InvalidBlankLogin -->
        <test-method status="PASS" signature="closeApp(org.testng.ITestResult)[pri:0, instance:script.T1_LoginFunctionality@5204062d]" name="closeApp" is-config="true" duration-ms="890" started-at="2019-07-15T06:43:07Z" finished-at="2019-07-15T06:43:08Z">
          <params>
            <param index="0">
              <value>
                <![CDATA[[TestResult name=TestCase_3_InvalidBlankLogin status=SUCCESS method=T1_LoginFunctionality.TestCase_3_InvalidBlankLogin()[pri:3, instance:script.T1_LoginFunctionality@5204062d] output=Required page is displayed]]]>
              </value>
            </param>
          </params>
          <reporter-output>
            <line>
              <![CDATA[TestCaseName:TestCase_3_InvalidBlankLogin Status:PASS]]>
            </line>
          </reporter-output>
        </test-method> <!-- closeApp -->
        <test-method status="PASS" signature="openApp(java.lang.String, java.lang.String)[pri:0, instance:script.T1_LoginFunctionality@5204062d]" name="openApp" is-config="true" duration-ms="4924" started-at="2019-07-15T06:43:08Z" finished-at="2019-07-15T06:43:13Z">
          <params>
            <param index="0">
              <value>
                <![CDATA[localhost]]>
              </value>
            </param>
            <param index="1">
              <value>
                <![CDATA[chrome]]>
              </value>
            </param>
          </params>
          <reporter-output>
          </reporter-output>
        </test-method> <!-- openApp -->
        <test-method status="PASS" signature="TestCase_4_ForgotLinkVerify()[pri:4, instance:script.T1_LoginFunctionality@5204062d]" name="TestCase_4_ForgotLinkVerify" duration-ms="7321" started-at="2019-07-15T06:43:13Z" description="Verifying forgot password link functionality" finished-at="2019-07-15T06:43:20Z">
          <reporter-output>
            <line>
              <![CDATA[Required page is displayed]]>
            </line>
            <line>
              <![CDATA[error message is matchingIf you have forgotten your password, follow the prompts to reset your password.]]>
            </line>
          </reporter-output>
        </test-method> <!-- TestCase_4_ForgotLinkVerify -->
        <test-method status="PASS" signature="closeApp(org.testng.ITestResult)[pri:0, instance:script.T1_LoginFunctionality@5204062d]" name="closeApp" is-config="true" duration-ms="811" started-at="2019-07-15T06:43:20Z" finished-at="2019-07-15T06:43:21Z">
          <params>
            <param index="0">
              <value>
                <![CDATA[[TestResult name=TestCase_4_ForgotLinkVerify status=SUCCESS method=T1_LoginFunctionality.TestCase_4_ForgotLinkVerify()[pri:4, instance:script.T1_LoginFunctionality@5204062d] output=Required page is displayed]]]>
              </value>
            </param>
          </params>
          <reporter-output>
            <line>
              <![CDATA[TestCaseName:TestCase_4_ForgotLinkVerify Status:PASS]]>
            </line>
          </reporter-output>
        </test-method> <!-- closeApp -->
      </class> <!-- script.T1_LoginFunctionality -->
    </test> <!-- Test -->
  </suite> <!-- Suite -->
</testng-results>
